<?xml version="1.0" encoding="UTF-8"?>
<testsuites name="Mocha Tests" time="132.985" tests="14" failures="2" skipped="1">
  <testsuite name="Root Suite" timestamp="2024-03-07T08:20:38" tests="0" file="cypress\e2e\ProductModule\ProductTests.spec.js" time="0.000" failures="0">
  </testsuite>
  <testsuite name="Product Module Test Case Suite" timestamp="2024-03-07T08:20:38" tests="14" time="132.950" failures="2">
    <testcase name="Product Module Test Case Suite tries to make a product with empty required fields" time="8.177" classname="tries to make a product with empty required fields">
    </testcase>
    <testcase name="Product Module Test Case Suite tries to make a product with empty name" time="7.182" classname="tries to make a product with empty name">
    </testcase>
    <testcase name="Product Module Test Case Suite tries to create a product with all valid fields" time="7.288" classname="tries to create a product with all valid fields">
    </testcase>
    <testcase name="Product Module Test Case Suite tries to create and delete a product" time="12.454" classname="tries to create and delete a product">
    </testcase>
    <testcase name="Product Module Test Case Suite tries to create product with invalid price input" time="7.067" classname="tries to create product with invalid price input">
    </testcase>
    <testcase name="Product Module Test Case Suite tries to create product with fake url key" time="7.379" classname="tries to create product with fake url key">
    </testcase>
    <testcase name="Product Module Test Case Suite tries to create the same product twice" time="19.858" classname="tries to create the same product twice">
    </testcase>
    <testcase name="Product Module Test Case Suite tries to select, change and unassign a category" time="6.857" classname="tries to select, change and unassign a category">
    </testcase>
    <testcase name="Product Module Test Case Suite tries to select a tax class" time="3.883" classname="tries to select a tax class">
    </testcase>
    <testcase name="Product Module Test Case Suite tries to save, add, delete pictures to product description; create folders; exit folder page" time="0.000" classname="tries to save, add, delete pictures to product description; create folders; exit folder page">
      <failure message="Timed out retrying after 4000ms: Expected to find element: `1`, but never found it. Queried from:

              &gt; &lt;li.text-interactive.fill-current.flex.list-group-item&gt;" type="AssertionError"><![CDATA[AssertionError: Timed out retrying after 4000ms: Expected to find element: `1`, but never found it. Queried from:

              > <li.text-interactive.fill-current.flex.list-group-item>
    at Context.eval (webpack://evershop/./cypress/e2e/ProductModule/ProductTests.spec.js:166:24)]]></failure>
    </testcase>
    <testcase name="Product Module Test Case Suite tries the description features - bold, italic, link, bulleted list, numbered list, block quote, table" time="0.000" classname="tries the description features - bold, italic, link, bulleted list, numbered list, block quote, table">
      <failure message="The following error originated from your application code, not from Cypress.

  &gt; Cannot read properties of null (reading &apos;root&apos;)
Read more: https://ckeditor.com/docs/ckeditor5/latest/support/error-codes.html#error-Cannot read properties of null (reading &apos;root&apos;)

When Cypress detects uncaught errors originating from your application it will automatically fail the current test.

This behavior is configurable, and you can choose to turn this off by listening to the `uncaught:exception` event.

https://on.cypress.io/uncaught-exception-from-application" type="CKEditorError"><![CDATA[CKEditorError: The following error originated from your application code, not from Cypress.

  > Cannot read properties of null (reading 'root')
Read more: https://ckeditor.com/docs/ckeditor5/latest/support/error-codes.html#error-Cannot read properties of null (reading 'root')

When Cypress detects uncaught errors originating from your application it will automatically fail the current test.

This behavior is configurable, and you can choose to turn this off by listening to the `uncaught:exception` event.

https://on.cypress.io/uncaught-exception-from-application
TypeError: Cannot read properties of null (reading 'root')
    at mf (http://localhost:3000/assets/admin/productNew/client/b98cbd046109676bb559.js:2:646580)
    at If.deleteContent (http://localhost:3000/assets/admin/productNew/client/b98cbd046109676bb559.js:2:662249)
    at If.<anonymous> (http://localhost:3000/assets/admin/productNew/client/b98cbd046109676bb559.js:2:322528)
    at If.fire (http://localhost:3000/assets/admin/productNew/client/b98cbd046109676bb559.js:2:318894)
    at <computed> [as deleteContent] (http://localhost:3000/assets/admin/productNew/client/b98cbd046109676bb559.js:2:322580)
    at Object.callback (http://localhost:3000/assets/admin/productNew/client/b98cbd046109676bb559.js:2:738139)
    at If._runPendingChanges (http://localhost:3000/assets/admin/productNew/client/b98cbd046109676bb559.js:2:664562)
    at If.enqueueChange (http://localhost:3000/assets/admin/productNew/client/b98cbd046109676bb559.js:2:660603)
    at bm.execute (http://localhost:3000/assets/admin/productNew/client/b98cbd046109676bb559.js:2:738079)
    at bm.<anonymous> (http://localhost:3000/assets/admin/productNew/client/b98cbd046109676bb559.js:2:322528)]]></failure>
    </testcase>
    <testcase name="Product Module Test Case Suite tries to add pictures to product and delete them" time="9.809" classname="tries to add pictures to product and delete them">
    </testcase>
    <testcase name="Product Module Test Case Suite tries to adjust the product status and checks it in the Products list" time="19.906" classname="tries to adjust the product status and checks it in the Products list">
    </testcase>
  </testsuite>
</testsuites>